Copyright 1986-2019 Xilinx, Inc. All Rights Reserved.
-------------------------------------------------------------------------------------------
| Tool Version : Vivado v.2019.2 (win64) Build 2708876 Wed Nov  6 21:40:23 MST 2019
| Date         : Wed Jul  1 02:16:51 2026
| Host         : admin running 64-bit major release  (build 9200)
| Command      : report_drc -file D:/Documents/Program/IC/fpga/vivado/reports/impl_drc.rpt
| Design       : fpga_kc705_top
| Device       : xc7k325tffg900-2
| Speed File   : -2
| Design State : Fully Routed
-------------------------------------------------------------------------------------------

Report DRC

Table of Contents
-----------------
1. REPORT SUMMARY
2. REPORT DETAILS

1. REPORT SUMMARY
-----------------
            Netlist: netlist
          Floorplan: impl_1
      Design limits: <entire design considered>
           Ruledeck: default
             Max violations: <unlimited>
             Violations found: 38
+-------------+----------+---------------------------------+------------+
| Rule        | Severity | Description                     | Violations |
+-------------+----------+---------------------------------+------------+
| CHECK-3     | Warning  | Report rule limit reached       | 1          |
| DPIP-1      | Warning  | Input pipelining                | 6          |
| DPOP-1      | Warning  | PREG Output pipelining          | 3          |
| DPOP-2      | Warning  | MREG Output pipelining          | 3          |
| PLBUFGOPT-1 | Warning  | Non-Optimal connections to BUFG | 2          |
| PORTPROP-2  | Warning  | selectio_diff_term              | 2          |
| REQP-1839   | Warning  | RAMB36 async control check      | 20         |
| RTSTAT-10   | Warning  | No routable loads               | 1          |
+-------------+----------+---------------------------------+------------+

2. REPORT DETAILS
-----------------
CHECK-3#1 Warning
Report rule limit reached  
REQP-1839 rule limit reached: 20 violations have been found.
Related violations: <none>

DPIP-1#1 Warning
Input pipelining  
DSP u_soc/u_cpu/u_cortexm0integration/u_logic/Affpw60 input u_soc/u_cpu/u_cortexm0integration/u_logic/Affpw60/A[29:0] is not pipelined. Pipelining DSP48 input will improve performance.
Related violations: <none>

DPIP-1#2 Warning
Input pipelining  
DSP u_soc/u_cpu/u_cortexm0integration/u_logic/Affpw60 input u_soc/u_cpu/u_cortexm0integration/u_logic/Affpw60/B[17:0] is not pipelined. Pipelining DSP48 input will improve performance.
Related violations: <none>

DPIP-1#3 Warning
Input pipelining  
DSP u_soc/u_cpu/u_cortexm0integration/u_logic/Affpw60__0 input u_soc/u_cpu/u_cortexm0integration/u_logic/Affpw60__0/A[29:0] is not pipelined. Pipelining DSP48 input will improve performance.
Related violations: <none>

DPIP-1#4 Warning
Input pipelining  
DSP u_soc/u_cpu/u_cortexm0integration/u_logic/Affpw60__0 input u_soc/u_cpu/u_cortexm0integration/u_logic/Affpw60__0/B[17:0] is not pipelined. Pipelining DSP48 input will improve performance.
Related violations: <none>

DPIP-1#5 Warning
Input pipelining  
DSP u_soc/u_cpu/u_cortexm0integration/u_logic/Affpw60__1 input u_soc/u_cpu/u_cortexm0integration/u_logic/Affpw60__1/A[29:0] is not pipelined. Pipelining DSP48 input will improve performance.
Related violations: <none>

DPIP-1#6 Warning
Input pipelining  
DSP u_soc/u_cpu/u_cortexm0integration/u_logic/Affpw60__1 input u_soc/u_cpu/u_cortexm0integration/u_logic/Affpw60__1/B[17:0] is not pipelined. Pipelining DSP48 input will improve performance.
Related violations: <none>

DPOP-1#1 Warning
PREG Output pipelining  
DSP u_soc/u_cpu/u_cortexm0integration/u_logic/Affpw60 output u_soc/u_cpu/u_cortexm0integration/u_logic/Affpw60/P[47:0] is not pipelined (PREG=0). Pipelining the DSP48 output will improve performance and often saves power so it is suggested whenever possible to fully pipeline this function.  If this DSP48 function was inferred, it is suggested to describe an additional register stage after this function.  If the DSP48 was instantiated in the design, it is suggested to set the PREG attribute to 1.
Related violations: <none>

DPOP-1#2 Warning
PREG Output pipelining  
DSP u_soc/u_cpu/u_cortexm0integration/u_logic/Affpw60__0 output u_soc/u_cpu/u_cortexm0integration/u_logic/Affpw60__0/P[47:0] is not pipelined (PREG=0). Pipelining the DSP48 output will improve performance and often saves power so it is suggested whenever possible to fully pipeline this function.  If this DSP48 function was inferred, it is suggested to describe an additional register stage after this function.  If the DSP48 was instantiated in the design, it is suggested to set the PREG attribute to 1.
Related violations: <none>

DPOP-1#3 Warning
PREG Output pipelining  
DSP u_soc/u_cpu/u_cortexm0integration/u_logic/Affpw60__1 output u_soc/u_cpu/u_cortexm0integration/u_logic/Affpw60__1/P[47:0] is not pipelined (PREG=0). Pipelining the DSP48 output will improve performance and often saves power so it is suggested whenever possible to fully pipeline this function.  If this DSP48 function was inferred, it is suggested to describe an additional register stage after this function.  If the DSP48 was instantiated in the design, it is suggested to set the PREG attribute to 1.
Related violations: <none>

DPOP-2#1 Warning
MREG Output pipelining  
DSP u_soc/u_cpu/u_cortexm0integration/u_logic/Affpw60 multiplier stage u_soc/u_cpu/u_cortexm0integration/u_logic/Affpw60/P[47:0] is not pipelined (MREG=0). Pipelining the multiplier function will improve performance and will save significant power so it is suggested whenever possible to fully pipeline this function.  If this multiplier was inferred, it is suggested to describe an additional register stage after this function.  If there is no registered adder/accumulator following the multiply function, two pipeline stages are suggested to allow both the MREG and PREG registers to be used.  If the DSP48 was instantiated in the design, it is suggested to set both the MREG and PREG attributes to 1 when performing multiply functions.
Related violations: <none>

DPOP-2#2 Warning
MREG Output pipelining  
DSP u_soc/u_cpu/u_cortexm0integration/u_logic/Affpw60__0 multiplier stage u_soc/u_cpu/u_cortexm0integration/u_logic/Affpw60__0/P[47:0] is not pipelined (MREG=0). Pipelining the multiplier function will improve performance and will save significant power so it is suggested whenever possible to fully pipeline this function.  If this multiplier was inferred, it is suggested to describe an additional register stage after this function.  If there is no registered adder/accumulator following the multiply function, two pipeline stages are suggested to allow both the MREG and PREG registers to be used.  If the DSP48 was instantiated in the design, it is suggested to set both the MREG and PREG attributes to 1 when performing multiply functions.
Related violations: <none>

DPOP-2#3 Warning
MREG Output pipelining  
DSP u_soc/u_cpu/u_cortexm0integration/u_logic/Affpw60__1 multiplier stage u_soc/u_cpu/u_cortexm0integration/u_logic/Affpw60__1/P[47:0] is not pipelined (MREG=0). Pipelining the multiplier function will improve performance and will save significant power so it is suggested whenever possible to fully pipeline this function.  If this multiplier was inferred, it is suggested to describe an additional register stage after this function.  If there is no registered adder/accumulator following the multiply function, two pipeline stages are suggested to allow both the MREG and PREG registers to be used.  If the DSP48 was instantiated in the design, it is suggested to set both the MREG and PREG attributes to 1 when performing multiply functions.
Related violations: <none>

PLBUFGOPT-1#1 Warning
Non-Optimal connections to BUFG  
A non-muxed BUFG u_soc_clk_buf is driven by another global buffer u_soc_clk_buf_replica. Remove non-muxed BUFG if it is not desired
Related violations: <none>

PLBUFGOPT-1#2 Warning
Non-Optimal connections to BUFG  
A non-muxed BUFG u_soc_clk_buf_replica is driven by another global buffer u_soc_clk_buf_replica_1. Remove non-muxed BUFG if it is not desired
Related violations: <none>

PORTPROP-2#1 Warning
selectio_diff_term  
The port clk_n has an invalid DIFF_TERM property value. For the target architecture, IOSTANDARD value DIFF_SSTL15 does not support on-chip input differential termination. The DIFF_TERM property value will be ignored.
Related violations: <none>

PORTPROP-2#2 Warning
selectio_diff_term  
The port clk_p has an invalid DIFF_TERM property value. For the target architecture, IOSTANDARD value DIFF_SSTL15 does not support on-chip input differential termination. The DIFF_TERM property value will be ignored.
Related violations: <none>

REQP-1839#1 Warning
RAMB36 async control check  
The RAMB36E1 u_soc/u_sram/mem0_reg has an input control pin u_soc/u_sram/mem0_reg/ENARDEN (net: u_soc/u_sram/mem0_reg_0) which is driven by a register (u_soc/u_interconnect/FSM_onehot_rd_state_reg[0]) that has an active asychronous set or reset. This may cause corruption of the memory contents and/or read values when the set/reset is asserted and is not analyzed by the default static timing analysis. It is suggested to eliminate the use of a set/reset to registers driving this RAMB pin or else use a synchronous reset in which the assertion of the reset is timed by default.
Related violations: <none>

REQP-1839#2 Warning
RAMB36 async control check  
The RAMB36E1 u_soc/u_sram/mem0_reg has an input control pin u_soc/u_sram/mem0_reg/ENARDEN (net: u_soc/u_sram/mem0_reg_0) which is driven by a register (u_soc/u_interconnect/FSM_sequential_wr_state_reg[0]) that has an active asychronous set or reset. This may cause corruption of the memory contents and/or read values when the set/reset is asserted and is not analyzed by the default static timing analysis. It is suggested to eliminate the use of a set/reset to registers driving this RAMB pin or else use a synchronous reset in which the assertion of the reset is timed by default.
Related violations: <none>

REQP-1839#3 Warning
RAMB36 async control check  
The RAMB36E1 u_soc/u_sram/mem0_reg has an input control pin u_soc/u_sram/mem0_reg/ENARDEN (net: u_soc/u_sram/mem0_reg_0) which is driven by a register (u_soc/u_interconnect/FSM_sequential_wr_state_reg[1]) that has an active asychronous set or reset. This may cause corruption of the memory contents and/or read values when the set/reset is asserted and is not analyzed by the default static timing analysis. It is suggested to eliminate the use of a set/reset to registers driving this RAMB pin or else use a synchronous reset in which the assertion of the reset is timed by default.
Related violations: <none>

REQP-1839#4 Warning
RAMB36 async control check  
The RAMB36E1 u_soc/u_sram/mem0_reg has an input control pin u_soc/u_sram/mem0_reg/ENARDEN (net: u_soc/u_sram/mem0_reg_0) which is driven by a register (u_soc/u_interconnect/wr_strb_reg[0]) that has an active asychronous set or reset. This may cause corruption of the memory contents and/or read values when the set/reset is asserted and is not analyzed by the default static timing analysis. It is suggested to eliminate the use of a set/reset to registers driving this RAMB pin or else use a synchronous reset in which the assertion of the reset is timed by default.
Related violations: <none>

REQP-1839#5 Warning
RAMB36 async control check  
The RAMB36E1 u_soc/u_sram/mem0_reg has an input control pin u_soc/u_sram/mem0_reg/ENARDEN (net: u_soc/u_sram/mem0_reg_0) which is driven by a register (u_soc/u_npu/m_axi_wstrb_reg[1]) that has an active asychronous set or reset. This may cause corruption of the memory contents and/or read values when the set/reset is asserted and is not analyzed by the default static timing analysis. It is suggested to eliminate the use of a set/reset to registers driving this RAMB pin or else use a synchronous reset in which the assertion of the reset is timed by default.
Related violations: <none>

REQP-1839#6 Warning
RAMB36 async control check  
The RAMB36E1 u_soc/u_sram/mem0_reg has an input control pin u_soc/u_sram/mem0_reg/ENARDEN (net: u_soc/u_sram/mem0_reg_0) which is driven by a register (u_soc/u_npu/m_axi_wvalid_reg) that has an active asychronous set or reset. This may cause corruption of the memory contents and/or read values when the set/reset is asserted and is not analyzed by the default static timing analysis. It is suggested to eliminate the use of a set/reset to registers driving this RAMB pin or else use a synchronous reset in which the assertion of the reset is timed by default.
Related violations: <none>

REQP-1839#7 Warning
RAMB36 async control check  
The RAMB36E1 u_soc/u_sram/mem0_reg has an input control pin u_soc/u_sram/mem0_reg/ENBWREN (net: u_soc/u_sram/mem3_reg_0) which is driven by a register (u_soc/u_ahb_to_axil/m_axil_rready_reg) that has an active asychronous set or reset. This may cause corruption of the memory contents and/or read values when the set/reset is asserted and is not analyzed by the default static timing analysis. It is suggested to eliminate the use of a set/reset to registers driving this RAMB pin or else use a synchronous reset in which the assertion of the reset is timed by default.
Related violations: <none>

REQP-1839#8 Warning
RAMB36 async control check  
The RAMB36E1 u_soc/u_sram/mem0_reg has an input control pin u_soc/u_sram/mem0_reg/ENBWREN (net: u_soc/u_sram/mem3_reg_0) which is driven by a register (u_soc/u_interconnect/FSM_onehot_rd_state_reg[0]) that has an active asychronous set or reset. This may cause corruption of the memory contents and/or read values when the set/reset is asserted and is not analyzed by the default static timing analysis. It is suggested to eliminate the use of a set/reset to registers driving this RAMB pin or else use a synchronous reset in which the assertion of the reset is timed by default.
Related violations: <none>

REQP-1839#9 Warning
RAMB36 async control check  
The RAMB36E1 u_soc/u_sram/mem0_reg has an input control pin u_soc/u_sram/mem0_reg/ENBWREN (net: u_soc/u_sram/mem3_reg_0) which is driven by a register (u_soc/u_interconnect/FSM_onehot_rd_state_reg[2]) that has an active asychronous set or reset. This may cause corruption of the memory contents and/or read values when the set/reset is asserted and is not analyzed by the default static timing analysis. It is suggested to eliminate the use of a set/reset to registers driving this RAMB pin or else use a synchronous reset in which the assertion of the reset is timed by default.
Related violations: <none>

REQP-1839#10 Warning
RAMB36 async control check  
The RAMB36E1 u_soc/u_sram/mem0_reg has an input control pin u_soc/u_sram/mem0_reg/ENBWREN (net: u_soc/u_sram/mem3_reg_0) which is driven by a register (u_soc/u_interconnect/FSM_sequential_wr_state_reg[0]) that has an active asychronous set or reset. This may cause corruption of the memory contents and/or read values when the set/reset is asserted and is not analyzed by the default static timing analysis. It is suggested to eliminate the use of a set/reset to registers driving this RAMB pin or else use a synchronous reset in which the assertion of the reset is timed by default.
Related violations: <none>

REQP-1839#11 Warning
RAMB36 async control check  
The RAMB36E1 u_soc/u_sram/mem0_reg has an input control pin u_soc/u_sram/mem0_reg/ENBWREN (net: u_soc/u_sram/mem3_reg_0) which is driven by a register (u_soc/u_interconnect/FSM_sequential_wr_state_reg[1]) that has an active asychronous set or reset. This may cause corruption of the memory contents and/or read values when the set/reset is asserted and is not analyzed by the default static timing analysis. It is suggested to eliminate the use of a set/reset to registers driving this RAMB pin or else use a synchronous reset in which the assertion of the reset is timed by default.
Related violations: <none>

REQP-1839#12 Warning
RAMB36 async control check  
The RAMB36E1 u_soc/u_sram/mem0_reg has an input control pin u_soc/u_sram/mem0_reg/ENBWREN (net: u_soc/u_sram/mem3_reg_0) which is driven by a register (u_soc/u_npu/m_axi_arvalid_reg) that has an active asychronous set or reset. This may cause corruption of the memory contents and/or read values when the set/reset is asserted and is not analyzed by the default static timing analysis. It is suggested to eliminate the use of a set/reset to registers driving this RAMB pin or else use a synchronous reset in which the assertion of the reset is timed by default.
Related violations: <none>

REQP-1839#13 Warning
RAMB36 async control check  
The RAMB36E1 u_soc/u_sram/mem0_reg has an input control pin u_soc/u_sram/mem0_reg/ENBWREN (net: u_soc/u_sram/mem3_reg_0) which is driven by a register (u_soc/u_npu/m_axi_awvalid_reg) that has an active asychronous set or reset. This may cause corruption of the memory contents and/or read values when the set/reset is asserted and is not analyzed by the default static timing analysis. It is suggested to eliminate the use of a set/reset to registers driving this RAMB pin or else use a synchronous reset in which the assertion of the reset is timed by default.
Related violations: <none>

REQP-1839#14 Warning
RAMB36 async control check  
The RAMB36E1 u_soc/u_sram/mem0_reg has an input control pin u_soc/u_sram/mem0_reg/ENBWREN (net: u_soc/u_sram/mem3_reg_0) which is driven by a register (u_soc/u_npu/m_axi_bready_reg) that has an active asychronous set or reset. This may cause corruption of the memory contents and/or read values when the set/reset is asserted and is not analyzed by the default static timing analysis. It is suggested to eliminate the use of a set/reset to registers driving this RAMB pin or else use a synchronous reset in which the assertion of the reset is timed by default.
Related violations: <none>

REQP-1839#15 Warning
RAMB36 async control check  
The RAMB36E1 u_soc/u_sram/mem0_reg has an input control pin u_soc/u_sram/mem0_reg/ENBWREN (net: u_soc/u_sram/mem3_reg_0) which is driven by a register (u_soc/u_npu/m_axi_rready_reg) that has an active asychronous set or reset. This may cause corruption of the memory contents and/or read values when the set/reset is asserted and is not analyzed by the default static timing analysis. It is suggested to eliminate the use of a set/reset to registers driving this RAMB pin or else use a synchronous reset in which the assertion of the reset is timed by default.
Related violations: <none>

REQP-1839#16 Warning
RAMB36 async control check  
The RAMB36E1 u_soc/u_sram/mem0_reg has an input control pin u_soc/u_sram/mem0_reg/ENBWREN (net: u_soc/u_sram/mem3_reg_0) which is driven by a register (u_soc/u_npu/m_axi_wvalid_reg) that has an active asychronous set or reset. This may cause corruption of the memory contents and/or read values when the set/reset is asserted and is not analyzed by the default static timing analysis. It is suggested to eliminate the use of a set/reset to registers driving this RAMB pin or else use a synchronous reset in which the assertion of the reset is timed by default.
Related violations: <none>

REQP-1839#17 Warning
RAMB36 async control check  
The RAMB36E1 u_soc/u_sram/mem1_reg has an input control pin u_soc/u_sram/mem1_reg/ENARDEN (net: u_soc/u_sram/mem1_reg_0) which is driven by a register (u_soc/u_interconnect/FSM_onehot_rd_state_reg[0]) that has an active asychronous set or reset. This may cause corruption of the memory contents and/or read values when the set/reset is asserted and is not analyzed by the default static timing analysis. It is suggested to eliminate the use of a set/reset to registers driving this RAMB pin or else use a synchronous reset in which the assertion of the reset is timed by default.
Related violations: <none>

REQP-1839#18 Warning
RAMB36 async control check  
The RAMB36E1 u_soc/u_sram/mem1_reg has an input control pin u_soc/u_sram/mem1_reg/ENARDEN (net: u_soc/u_sram/mem1_reg_0) which is driven by a register (u_soc/u_interconnect/FSM_sequential_wr_state_reg[0]) that has an active asychronous set or reset. This may cause corruption of the memory contents and/or read values when the set/reset is asserted and is not analyzed by the default static timing analysis. It is suggested to eliminate the use of a set/reset to registers driving this RAMB pin or else use a synchronous reset in which the assertion of the reset is timed by default.
Related violations: <none>

REQP-1839#19 Warning
RAMB36 async control check  
The RAMB36E1 u_soc/u_sram/mem1_reg has an input control pin u_soc/u_sram/mem1_reg/ENARDEN (net: u_soc/u_sram/mem1_reg_0) which is driven by a register (u_soc/u_interconnect/FSM_sequential_wr_state_reg[1]) that has an active asychronous set or reset. This may cause corruption of the memory contents and/or read values when the set/reset is asserted and is not analyzed by the default static timing analysis. It is suggested to eliminate the use of a set/reset to registers driving this RAMB pin or else use a synchronous reset in which the assertion of the reset is timed by default.
Related violations: <none>

REQP-1839#20 Warning
RAMB36 async control check  
The RAMB36E1 u_soc/u_sram/mem1_reg has an input control pin u_soc/u_sram/mem1_reg/ENARDEN (net: u_soc/u_sram/mem1_reg_0) which is driven by a register (u_soc/u_interconnect/wr_strb_reg[1]) that has an active asychronous set or reset. This may cause corruption of the memory contents and/or read values when the set/reset is asserted and is not analyzed by the default static timing analysis. It is suggested to eliminate the use of a set/reset to registers driving this RAMB pin or else use a synchronous reset in which the assertion of the reset is timed by default.
Related violations: <none>

RTSTAT-10#1 Warning
No routable loads  
25 net(s) have no routable loads. The problem bus(es) and/or net(s) are dbg_hub/inst/BSCANID.u_xsdbm_id/CORE_XSDB.UUT_MASTER/U_ICON_INTERFACE/U_CMD6_RD/U_RD_FIFO/SUBCORE_FIFO.xsdbm_v3_0_0_rdfifo_inst/inst_fifo_gen/gconvfifo.rf/grf.rf/gntv_or_sync_fifo.gl0.rd/gr1.gr1_int.rfwft/aempty_fwft_i, dbg_hub/inst/BSCANID.u_xsdbm_id/CORE_XSDB.UUT_MASTER/U_ICON_INTERFACE/U_CMD7_CTL/ctl_reg[2:0], dbg_hub/inst/BSCANID.u_xsdbm_id/CORE_XSDB.UUT_MASTER/U_ICON_INTERFACE/U_CMD1/ctl_reg_en_2[1], dbg_hub/inst/BSCANID.u_xsdbm_id/CORE_XSDB.UUT_MASTER/U_ICON_INTERFACE/U_CMD7_CTL/ctl_reg_en_2[1], dbg_hub/inst/BSCANID.u_xsdbm_id/SWITCH_N_EXT_BSCAN.bscan_switch/m_bscan_capture[0], dbg_hub/inst/BSCANID.u_xsdbm_id/SWITCH_N_EXT_BSCAN.bscan_switch/m_bscan_drck[0], dbg_hub/inst/BSCANID.u_xsdbm_id/SWITCH_N_EXT_BSCAN.bscan_switch/m_bscan_runtest[0], dbg_hub/inst/BSCANID.u_xsdbm_id/CORE_XSDB.UUT_MASTER/U_ICON_INTERFACE/U_CMD6_WR/U_WR_FIFO/SUBCORE_FIFO.xsdbm_v3_0_0_wrfifo_inst/inst_fifo_gen/gconvfifo.rf/grf.rf/gntv_or_sync_fifo.gl0.wr/gwhf.whf/overflow, dbg_hub/inst/BSCANID.u_xsdbm_id/CORE_XSDB.UUT_MASTER/U_ICON_INTERFACE/U_CMD6_RD/U_RD_FIFO/SUBCORE_FIFO.xsdbm_v3_0_0_rdfifo_inst/inst_fifo_gen/gconvfifo.rf/grf.rf/gntv_or_sync_fifo.gl0.wr/gwhf.whf/overflow, dbg_hub/inst/BSCANID.u_xsdbm_id/CORE_XSDB.UUT_MASTER/U_ICON_INTERFACE/U_CMD6_RD/U_RD_FIFO/SUBCORE_FIFO.xsdbm_v3_0_0_rdfifo_inst/inst_fifo_gen/gconvfifo.rf/grf.rf/gntv_or_sync_fifo.gl0.rd/gras.rsts/ram_empty_i, dbg_hub/inst/BSCANID.u_xsdbm_id/CORE_XSDB.UUT_MASTER/U_ICON_INTERFACE/U_CMD6_WR/U_WR_FIFO/SUBCORE_FIFO.xsdbm_v3_0_0_wrfifo_inst/inst_fifo_gen/gconvfifo.rf/grf.rf/gntv_or_sync_fifo.gl0.wr/gwas.wsts/ram_full_i, dbg_hub/inst/BSCANID.u_xsdbm_id/CORE_XSDB.UUT_MASTER/U_ICON_INTERFACE/U_CMD6_WR/U_WR_FIFO/SUBCORE_FIFO.xsdbm_v3_0_0_wrfifo_inst/inst_fifo_gen/gconvfifo.rf/grf.rf/rstblk/rd_rst_reg[0], dbg_hub/inst/BSCANID.u_xsdbm_id/SWITCH_N_EXT_BSCAN.bscan_inst/s_bscan_tms, u_ila_cpu_npu/inst/ila_core_inst/u_ila_regs/U_XSDB_SLAVE/s_daddr_o[13], u_ila_cpu_npu/inst/ila_core_inst/u_ila_regs/U_XSDB_SLAVE/s_daddr_o[14] (the first 15 of 23 listed).
Related violations: <none>


