Copyright 1986-2019 Xilinx, Inc. All Rights Reserved.
-----------------------------------------------------------------------------------------------------------
| Tool Version     : Vivado v.2019.2 (win64) Build 2708876 Wed Nov  6 21:40:23 MST 2019
| Date             : Wed Jul  1 02:16:48 2026
| Host             : admin running 64-bit major release  (build 9200)
| Command          : report_power -file D:/Documents/Program/IC/fpga/vivado/reports/impl_power.rpt
| Design           : fpga_kc705_top
| Device           : xc7k325tffg900-2
| Design State     : routed
| Grade            : commercial
| Process          : typical
| Characterization : Production
-----------------------------------------------------------------------------------------------------------

Power Report

Table of Contents
-----------------
1. Summary
1.1 On-Chip Components
1.2 Power Supply Summary
1.3 Confidence Level
2. Settings
2.1 Environment
2.2 Clock Constraints
3. Detailed Reports
3.1 By Hierarchy

1. Summary
----------

+--------------------------+--------------+
| Total On-Chip Power (W)  | 0.384        |
| Design Power Budget (W)  | Unspecified* |
| Power Budget Margin (W)  | NA           |
| Dynamic (W)              | 0.226        |
| Device Static (W)        | 0.158        |
| Effective TJA (C/W)      | 1.8          |
| Max Ambient (C)          | 84.3         |
| Junction Temperature (C) | 25.7         |
| Confidence Level         | Medium       |
| Setting File             | ---          |
| Simulation Activity File | ---          |
| Design Nets Matched      | NA           |
+--------------------------+--------------+
* Specify Design Power Budget using, set_operating_conditions -design_power_budget <value in Watts>


1.1 On-Chip Components
----------------------

+--------------------------+-----------+----------+-----------+-----------------+
| On-Chip                  | Power (W) | Used     | Available | Utilization (%) |
+--------------------------+-----------+----------+-----------+-----------------+
| Clocks                   |     0.055 |        6 |       --- |             --- |
| Slice Logic              |     0.012 |    17694 |       --- |             --- |
|   LUT as Logic           |     0.010 |     7448 |    203800 |            3.65 |
|   CARRY4                 |     0.001 |      543 |     50950 |            1.07 |
|   Register               |    <0.001 |     6687 |    407600 |            1.64 |
|   LUT as Distributed RAM |    <0.001 |       24 |     64000 |            0.04 |
|   F7/F8 Muxes            |    <0.001 |      118 |    203800 |            0.06 |
|   LUT as Shift Register  |    <0.001 |      319 |     64000 |            0.50 |
|   Others                 |     0.000 |      416 |       --- |             --- |
| Signals                  |     0.022 |    13525 |       --- |             --- |
| Block RAM                |     0.023 |     10.5 |       445 |            2.36 |
| MMCM                     |     0.107 |        1 |        10 |           10.00 |
| DSPs                     |    <0.001 |        3 |       840 |            0.36 |
| I/O                      |     0.007 |       11 |       500 |            2.20 |
| Static Power             |     0.158 |          |           |                 |
| Total                    |     0.384 |          |           |                 |
+--------------------------+-----------+----------+-----------+-----------------+


1.2 Power Supply Summary
------------------------

+-----------+-------------+-----------+-------------+------------+
| Source    | Voltage (V) | Total (A) | Dynamic (A) | Static (A) |
+-----------+-------------+-----------+-------------+------------+
| Vccint    |       1.000 |     0.181 |       0.112 |      0.069 |
| Vccaux    |       1.800 |     0.091 |       0.062 |      0.028 |
| Vcco33    |       3.300 |     0.000 |       0.000 |      0.000 |
| Vcco25    |       2.500 |     0.000 |       0.000 |      0.000 |
| Vcco18    |       1.800 |     0.000 |       0.000 |      0.000 |
| Vcco15    |       1.500 |     0.000 |       0.000 |      0.000 |
| Vcco135   |       1.350 |     0.000 |       0.000 |      0.000 |
| Vcco12    |       1.200 |     0.000 |       0.000 |      0.000 |
| Vccaux_io |       1.800 |     0.000 |       0.000 |      0.000 |
| Vccbram   |       1.000 |     0.004 |       0.002 |      0.002 |
| MGTAVcc   |       1.000 |     0.000 |       0.000 |      0.000 |
| MGTAVtt   |       1.200 |     0.000 |       0.000 |      0.000 |
| MGTVccaux |       1.800 |     0.000 |       0.000 |      0.000 |
| Vccadc    |       1.800 |     0.020 |       0.000 |      0.020 |
+-----------+-------------+-----------+-------------+------------+


1.3 Confidence Level
--------------------

+-----------------------------+------------+-------------------------------------------------------+------------------------------------------------------------------------------------------------------------+
| User Input Data             | Confidence | Details                                               | Action                                                                                                     |
+-----------------------------+------------+-------------------------------------------------------+------------------------------------------------------------------------------------------------------------+
| Design implementation state | High       | Design is routed                                      |                                                                                                            |
| Clock nodes activity        | High       | User specified more than 95% of clocks                |                                                                                                            |
| I/O nodes activity          | Medium     | More than 5% of inputs are missing user specification | Provide missing input activity with simulation results or by editing the "By Resource Type -> I/Os" view   |
| Internal nodes activity     | Medium     | User specified less than 25% of internal nodes        | Provide missing internal nodes activity with simulation results or by editing the "By Resource Type" views |
| Device models               | High       | Device models are Production                          |                                                                                                            |
|                             |            |                                                       |                                                                                                            |
| Overall confidence level    | Medium     |                                                       |                                                                                                            |
+-----------------------------+------------+-------------------------------------------------------+------------------------------------------------------------------------------------------------------------+


2. Settings
-----------

2.1 Environment
---------------

+-----------------------+--------------------------+
| Ambient Temp (C)      | 25.0                     |
| ThetaJA (C/W)         | 1.8                      |
| Airflow (LFM)         | 250                      |
| Heat Sink             | medium (Medium Profile)  |
| ThetaSA (C/W)         | 3.3                      |
| Board Selection       | medium (10"x10")         |
| # of Board Layers     | 12to15 (12 to 15 Layers) |
| Board Temperature (C) | 25.0                     |
+-----------------------+--------------------------+


2.2 Clock Constraints
---------------------

+--------------------------------------------------------------------------------------------+----------------------------------------------------------------------+-----------------+
| Clock                                                                                      | Domain                                                               | Constraint (ns) |
+--------------------------------------------------------------------------------------------+----------------------------------------------------------------------+-----------------+
| clkfb                                                                                      | clkfb                                                                |             5.0 |
| dbg_hub/inst/BSCANID.u_xsdbm_id/SWITCH_N_EXT_BSCAN.bscan_inst/SERIES7_BSCAN.bscan_inst/TCK | dbg_hub/inst/BSCANID.u_xsdbm_id/SWITCH_N_EXT_BSCAN.bscan_inst/tck_bs |            33.0 |
| soc_clk_mmcm                                                                               | soc_clk_mmcm                                                         |             5.0 |
| sys_clk_200mhz                                                                             | clk_p                                                                |             5.0 |
+--------------------------------------------------------------------------------------------+----------------------------------------------------------------------+-----------------+


3. Detailed Reports
-------------------

3.1 By Hierarchy
----------------

+-----------------------------+-----------+
| Name                        | Power (W) |
+-----------------------------+-----------+
| fpga_kc705_top              |     0.226 |
|   dbg_hub                   |     0.005 |
|     inst                    |     0.005 |
|       BSCANID.u_xsdbm_id    |     0.005 |
|   u_ila_cpu_npu             |     0.032 |
|     inst                    |     0.032 |
|       ila_core_inst         |     0.032 |
|   u_soc                     |     0.071 |
|     u_ahb_to_axil           |     0.002 |
|     u_cpu                   |     0.037 |
|       u_cortexm0integration |     0.037 |
|     u_npu                   |     0.016 |
|       u_core                |     0.011 |
|     u_sram                  |     0.016 |
+-----------------------------+-----------+


